{"C:\\Users\\danie\\OneDrive\\Área de Trabalho\\bankProject\\src\\index.js": {"path":"C:\\Users\\danie\\OneDrive\\Área de Trabalho\\bankProject\\src\\index.js","statementMap":{"0":{"start":{"line":1,"column":16},"end":{"line":1,"column":34}},"1":{"start":{"line":2,"column":24},"end":{"line":2,"column":50}},"2":{"start":{"line":3,"column":33},"end":{"line":3,"column":65}},"3":{"start":{"line":4,"column":17},"end":{"line":4,"column":38}},"4":{"start":{"line":5,"column":23},"end":{"line":5,"column":64}},"5":{"start":{"line":6,"column":28},"end":{"line":6,"column":73}},"6":{"start":{"line":7,"column":27},"end":{"line":7,"column":71}},"7":{"start":{"line":8,"column":17},"end":{"line":8,"column":36}},"8":{"start":{"line":9,"column":0},"end":{"line":9,"column":27}},"9":{"start":{"line":12,"column":2},"end":{"line":35,"column":3}},"10":{"start":{"line":13,"column":4},"end":{"line":13,"column":52}},"11":{"start":{"line":14,"column":4},"end":{"line":14,"column":40}},"12":{"start":{"line":16,"column":16},"end":{"line":16,"column":25}},"13":{"start":{"line":18,"column":19},"end":{"line":21,"column":6}},"14":{"start":{"line":23,"column":4},"end":{"line":26,"column":8}},"15":{"start":{"line":28,"column":17},"end":{"line":28,"column":41}},"16":{"start":{"line":29,"column":4},"end":{"line":31,"column":7}},"17":{"start":{"line":30,"column":6},"end":{"line":30,"column":70}},"18":{"start":{"line":33,"column":4},"end":{"line":33,"column":52}},"19":{"start":{"line":34,"column":4},"end":{"line":34,"column":20}},"20":{"start":{"line":38,"column":0},"end":{"line":38,"column":14}}},"fnMap":{"0":{"name":"startServer","decl":{"start":{"line":11,"column":15},"end":{"line":11,"column":26}},"loc":{"start":{"line":11,"column":29},"end":{"line":36,"column":1}},"line":11},"1":{"name":"(anonymous_1)","decl":{"start":{"line":29,"column":21},"end":{"line":29,"column":22}},"loc":{"start":{"line":29,"column":27},"end":{"line":31,"column":5}},"line":29}},"branchMap":{"0":{"loc":{"start":{"line":28,"column":17},"end":{"line":28,"column":41}},"type":"binary-expr","locations":[{"start":{"line":28,"column":17},"end":{"line":28,"column":33}},{"start":{"line":28,"column":37},"end":{"line":28,"column":41}}],"line":28}},"s":{"0":0,"1":0,"2":0,"3":0,"4":0,"5":0,"6":0,"7":0,"8":0,"9":0,"10":0,"11":0,"12":0,"13":0,"14":0,"15":0,"16":0,"17":0,"18":0,"19":0,"20":0},"f":{"0":0,"1":0},"b":{"0":[0,0]}}
,"C:\\Users\\danie\\OneDrive\\Área de Trabalho\\bankProject\\src\\typeDefs.js": {"path":"C:\\Users\\danie\\OneDrive\\Área de Trabalho\\bankProject\\src\\typeDefs.js","statementMap":{"0":{"start":{"line":1,"column":16},"end":{"line":1,"column":48}},"1":{"start":{"line":3,"column":17},"end":{"line":48,"column":1}},"2":{"start":{"line":50,"column":0},"end":{"line":50,"column":26}}},"fnMap":{},"branchMap":{},"s":{"0":0,"1":0,"2":0},"f":{},"b":{}}
,"C:\\Users\\danie\\OneDrive\\Área de Trabalho\\bankProject\\src\\Data\\data.js": {"path":"C:\\Users\\danie\\OneDrive\\Área de Trabalho\\bankProject\\src\\Data\\data.js","statementMap":{"0":{"start":{"line":2,"column":12},"end":{"line":5,"column":1}},"1":{"start":{"line":7,"column":16},"end":{"line":11,"column":1}},"2":{"start":{"line":8,"column":18},"end":{"line":8,"column":84}},"3":{"start":{"line":9,"column":2},"end":{"line":9,"column":22}},"4":{"start":{"line":10,"column":2},"end":{"line":10,"column":17}},"5":{"start":{"line":13,"column":26},"end":{"line":15,"column":1}},"6":{"start":{"line":14,"column":2},"end":{"line":14,"column":54}},"7":{"start":{"line":14,"column":28},"end":{"line":14,"column":52}}},"fnMap":{"0":{"name":"(anonymous_0)","decl":{"start":{"line":7,"column":16},"end":{"line":7,"column":17}},"loc":{"start":{"line":7,"column":57},"end":{"line":11,"column":1}},"line":7},"1":{"name":"(anonymous_1)","decl":{"start":{"line":13,"column":26},"end":{"line":13,"column":27}},"loc":{"start":{"line":13,"column":39},"end":{"line":15,"column":1}},"line":13},"2":{"name":"(anonymous_2)","decl":{"start":{"line":14,"column":20},"end":{"line":14,"column":21}},"loc":{"start":{"line":14,"column":28},"end":{"line":14,"column":52}},"line":14}},"branchMap":{},"s":{"0":0,"1":0,"2":0,"3":0,"4":0,"5":0,"6":0,"7":0},"f":{"0":0,"1":0,"2":0},"b":{}}
,"C:\\Users\\danie\\OneDrive\\Área de Trabalho\\bankProject\\src\\Models\\TransactionModels.js": {"path":"C:\\Users\\danie\\OneDrive\\Área de Trabalho\\bankProject\\src\\Models\\TransactionModels.js","statementMap":{"0":{"start":{"line":1,"column":17},"end":{"line":1,"column":36}},"1":{"start":{"line":2,"column":23},"end":{"line":2,"column":44}},"2":{"start":{"line":4,"column":26},"end":{"line":28,"column":2}},"3":{"start":{"line":30,"column":20},"end":{"line":30,"column":68}},"4":{"start":{"line":32,"column":0},"end":{"line":32,"column":29}}},"fnMap":{},"branchMap":{},"s":{"0":0,"1":0,"2":0,"3":0,"4":0},"f":{},"b":{}}
,"C:\\Users\\danie\\OneDrive\\Área de Trabalho\\bankProject\\src\\Models\\accontModels1.js": {"path":"C:\\Users\\danie\\OneDrive\\Área de Trabalho\\bankProject\\src\\Models\\accontModels1.js","statementMap":{"0":{"start":{"line":1,"column":17},"end":{"line":1,"column":36}},"1":{"start":{"line":3,"column":22},"end":{"line":18,"column":2}},"2":{"start":{"line":21,"column":16},"end":{"line":21,"column":83}},"3":{"start":{"line":23,"column":0},"end":{"line":23,"column":25}}},"fnMap":{},"branchMap":{"0":{"loc":{"start":{"line":21,"column":16},"end":{"line":21,"column":83}},"type":"binary-expr","locations":[{"start":{"line":21,"column":16},"end":{"line":21,"column":39}},{"start":{"line":21,"column":43},"end":{"line":21,"column":83}}],"line":21}},"s":{"0":3,"1":3,"2":3,"3":3},"f":{},"b":{"0":[3,3]},"_coverageSchema":"1a1c01bbd47fc00a2c39e90264f33305004495a9","hash":"09ec4f262c2f6805183c60cf1c2755b4c2f9e55d"}
,"C:\\Users\\danie\\OneDrive\\Área de Trabalho\\bankProject\\src\\Models\\userModels1.js": {"path":"C:\\Users\\danie\\OneDrive\\Área de Trabalho\\bankProject\\src\\Models\\userModels1.js","statementMap":{"0":{"start":{"line":1,"column":15},"end":{"line":1,"column":32}},"1":{"start":{"line":2,"column":17},"end":{"line":2,"column":36}},"2":{"start":{"line":4,"column":19},"end":{"line":23,"column":2}},"3":{"start":{"line":26,"column":0},"end":{"line":37,"column":3}},"4":{"start":{"line":27,"column":4},"end":{"line":29,"column":5}},"5":{"start":{"line":28,"column":8},"end":{"line":28,"column":22}},"6":{"start":{"line":30,"column":4},"end":{"line":36,"column":5}},"7":{"start":{"line":31,"column":31},"end":{"line":31,"column":71}},"8":{"start":{"line":32,"column":8},"end":{"line":32,"column":43}},"9":{"start":{"line":33,"column":8},"end":{"line":33,"column":15}},"10":{"start":{"line":35,"column":8},"end":{"line":35,"column":27}},"11":{"start":{"line":39,"column":13},"end":{"line":39,"column":47}},"12":{"start":{"line":41,"column":0},"end":{"line":41,"column":22}}},"fnMap":{"0":{"name":"(anonymous_0)","decl":{"start":{"line":26,"column":23},"end":{"line":26,"column":24}},"loc":{"start":{"line":26,"column":44},"end":{"line":37,"column":1}},"line":26}},"branchMap":{"0":{"loc":{"start":{"line":27,"column":4},"end":{"line":29,"column":5}},"type":"if","locations":[{"start":{"line":27,"column":4},"end":{"line":29,"column":5}},{"start":{},"end":{}}],"line":27}},"s":{"0":3,"1":3,"2":3,"3":3,"4":0,"5":0,"6":0,"7":0,"8":0,"9":0,"10":0,"11":3,"12":3},"f":{"0":0},"b":{"0":[0,0]},"_coverageSchema":"1a1c01bbd47fc00a2c39e90264f33305004495a9","hash":"56bd0600c598020f4330e9b2aefeca8e80f4f3f6"}
,"C:\\Users\\danie\\OneDrive\\Área de Trabalho\\bankProject\\src\\Utils\\utils.js": {"path":"C:\\Users\\danie\\OneDrive\\Área de Trabalho\\bankProject\\src\\Utils\\utils.js","statementMap":{"0":{"start":{"line":2,"column":12},"end":{"line":2,"column":35}},"1":{"start":{"line":4,"column":19},"end":{"line":4,"column":36}},"2":{"start":{"line":6,"column":22},"end":{"line":8,"column":1}},"3":{"start":{"line":7,"column":2},"end":{"line":7,"column":87}},"4":{"start":{"line":10,"column":23},"end":{"line":13,"column":1}},"5":{"start":{"line":12,"column":2},"end":{"line":12,"column":36}},"6":{"start":{"line":15,"column":0},"end":{"line":15,"column":51}}},"fnMap":{"0":{"name":"(anonymous_0)","decl":{"start":{"line":6,"column":22},"end":{"line":6,"column":23}},"loc":{"start":{"line":6,"column":32},"end":{"line":8,"column":1}},"line":6},"1":{"name":"(anonymous_1)","decl":{"start":{"line":10,"column":23},"end":{"line":10,"column":24}},"loc":{"start":{"line":10,"column":43},"end":{"line":13,"column":1}},"line":10}},"branchMap":{},"s":{"0":0,"1":0,"2":0,"3":0,"4":0,"5":0,"6":0},"f":{"0":0,"1":0},"b":{}}
,"C:\\Users\\danie\\OneDrive\\Área de Trabalho\\bankProject\\src\\resolvers\\createuserresolvers.js": {"path":"C:\\Users\\danie\\OneDrive\\Área de Trabalho\\bankProject\\src\\resolvers\\createuserresolvers.js","statementMap":{"0":{"start":{"line":1,"column":12},"end":{"line":1,"column":35}},"1":{"start":{"line":2,"column":15},"end":{"line":2,"column":32}},"2":{"start":{"line":3,"column":13},"end":{"line":3,"column":45}},"3":{"start":{"line":4,"column":16},"end":{"line":4,"column":50}},"4":{"start":{"line":6,"column":38},"end":{"line":55,"column":1}},"5":{"start":{"line":9,"column":6},"end":{"line":52,"column":7}},"6":{"start":{"line":11,"column":29},"end":{"line":11,"column":75}},"7":{"start":{"line":12,"column":8},"end":{"line":14,"column":9}},"8":{"start":{"line":13,"column":10},"end":{"line":13,"column":68}},"9":{"start":{"line":17,"column":31},"end":{"line":17,"column":68}},"10":{"start":{"line":20,"column":24},"end":{"line":25,"column":10}},"11":{"start":{"line":28,"column":32},"end":{"line":28,"column":77}},"12":{"start":{"line":29,"column":8},"end":{"line":31,"column":9}},"13":{"start":{"line":30,"column":10},"end":{"line":30,"column":57}},"14":{"start":{"line":34,"column":27},"end":{"line":38,"column":10}},"15":{"start":{"line":41,"column":22},"end":{"line":41,"column":99}},"16":{"start":{"line":44,"column":8},"end":{"line":48,"column":10}},"17":{"start":{"line":51,"column":8},"end":{"line":51,"column":62}},"18":{"start":{"line":57,"column":0},"end":{"line":57,"column":47}},"19":{"start":{"line":60,"column":0},"end":{"line":60,"column":47}}},"fnMap":{"0":{"name":"(anonymous_0)","decl":{"start":{"line":8,"column":4},"end":{"line":8,"column":5}},"loc":{"start":{"line":8,"column":60},"end":{"line":53,"column":5}},"line":8}},"branchMap":{"0":{"loc":{"start":{"line":12,"column":8},"end":{"line":14,"column":9}},"type":"if","locations":[{"start":{"line":12,"column":8},"end":{"line":14,"column":9}},{"start":{},"end":{}}],"line":12},"1":{"loc":{"start":{"line":29,"column":8},"end":{"line":31,"column":9}},"type":"if","locations":[{"start":{"line":29,"column":8},"end":{"line":31,"column":9}},{"start":{},"end":{}}],"line":29}},"s":{"0":2,"1":2,"2":2,"3":2,"4":2,"5":2,"6":2,"7":2,"8":0,"9":2,"10":2,"11":2,"12":2,"13":0,"14":2,"15":2,"16":2,"17":0,"18":2,"19":2},"f":{"0":2},"b":{"0":[0,2],"1":[0,2]},"_coverageSchema":"1a1c01bbd47fc00a2c39e90264f33305004495a9","hash":"c6f4695e2ae3d516ef9aafd0a1aa3f5d9c73106d"}
,"C:\\Users\\danie\\OneDrive\\Área de Trabalho\\bankProject\\src\\resolvers\\loginrResolvers.js": {"path":"C:\\Users\\danie\\OneDrive\\Área de Trabalho\\bankProject\\src\\resolvers\\loginrResolvers.js","statementMap":{"0":{"start":{"line":1,"column":12},"end":{"line":1,"column":35}},"1":{"start":{"line":2,"column":13},"end":{"line":2,"column":48}},"2":{"start":{"line":3,"column":16},"end":{"line":3,"column":53}},"3":{"start":{"line":5,"column":23},"end":{"line":47,"column":1}},"4":{"start":{"line":8,"column":19},"end":{"line":8,"column":48}},"5":{"start":{"line":9,"column":6},"end":{"line":11,"column":7}},"6":{"start":{"line":10,"column":8},"end":{"line":10,"column":53}},"7":{"start":{"line":13,"column":20},"end":{"line":13,"column":94}},"8":{"start":{"line":14,"column":6},"end":{"line":14,"column":78}},"9":{"start":{"line":16,"column":6},"end":{"line":20,"column":8}},"10":{"start":{"line":24,"column":33},"end":{"line":24,"column":38}},"11":{"start":{"line":26,"column":27},"end":{"line":26,"column":56}},"12":{"start":{"line":27,"column":6},"end":{"line":29,"column":7}},"13":{"start":{"line":28,"column":8},"end":{"line":28,"column":63}},"14":{"start":{"line":31,"column":22},"end":{"line":31,"column":46}},"15":{"start":{"line":33,"column":30},"end":{"line":33,"column":75}},"16":{"start":{"line":34,"column":6},"end":{"line":36,"column":7}},"17":{"start":{"line":35,"column":8},"end":{"line":35,"column":55}},"18":{"start":{"line":38,"column":25},"end":{"line":42,"column":8}},"19":{"start":{"line":44,"column":6},"end":{"line":44,"column":21}},"20":{"start":{"line":49,"column":0},"end":{"line":49,"column":32}}},"fnMap":{"0":{"name":"(anonymous_0)","decl":{"start":{"line":7,"column":4},"end":{"line":7,"column":5}},"loc":{"start":{"line":7,"column":54},"end":{"line":21,"column":5}},"line":7},"1":{"name":"(anonymous_1)","decl":{"start":{"line":23,"column":4},"end":{"line":23,"column":5}},"loc":{"start":{"line":23,"column":60},"end":{"line":45,"column":5}},"line":23}},"branchMap":{"0":{"loc":{"start":{"line":9,"column":6},"end":{"line":11,"column":7}},"type":"if","locations":[{"start":{"line":9,"column":6},"end":{"line":11,"column":7}},{"start":{},"end":{}}],"line":9},"1":{"loc":{"start":{"line":9,"column":10},"end":{"line":9,"column":51}},"type":"binary-expr","locations":[{"start":{"line":9,"column":10},"end":{"line":9,"column":15}},{"start":{"line":9,"column":19},"end":{"line":9,"column":51}}],"line":9},"2":{"loc":{"start":{"line":27,"column":6},"end":{"line":29,"column":7}},"type":"if","locations":[{"start":{"line":27,"column":6},"end":{"line":29,"column":7}},{"start":{},"end":{}}],"line":27},"3":{"loc":{"start":{"line":34,"column":6},"end":{"line":36,"column":7}},"type":"if","locations":[{"start":{"line":34,"column":6},"end":{"line":36,"column":7}},{"start":{},"end":{}}],"line":34}},"s":{"0":1,"1":1,"2":1,"3":1,"4":2,"5":2,"6":1,"7":1,"8":1,"9":1,"10":3,"11":3,"12":3,"13":1,"14":2,"15":2,"16":2,"17":1,"18":1,"19":1,"20":1},"f":{"0":2,"1":3},"b":{"0":[1,1],"1":[2,1],"2":[1,2],"3":[1,1]},"_coverageSchema":"1a1c01bbd47fc00a2c39e90264f33305004495a9","hash":"2a722c71874f0b503d724377774d57951d4a6df3"}
,"C:\\Users\\danie\\OneDrive\\Área de Trabalho\\bankProject\\src\\resolvers\\transferResolvers.js": {"path":"C:\\Users\\danie\\OneDrive\\Área de Trabalho\\bankProject\\src\\resolvers\\transferResolvers.js","statementMap":{"0":{"start":{"line":1,"column":12},"end":{"line":1,"column":35}},"1":{"start":{"line":2,"column":13},"end":{"line":2,"column":45}},"2":{"start":{"line":3,"column":16},"end":{"line":3,"column":50}},"3":{"start":{"line":4,"column":20},"end":{"line":4,"column":58}},"4":{"start":{"line":6,"column":25},"end":{"line":65,"column":1}},"5":{"start":{"line":9,"column":6},"end":{"line":62,"column":7}},"6":{"start":{"line":10,"column":71},"end":{"line":10,"column":76}},"7":{"start":{"line":13,"column":22},"end":{"line":13,"column":51}},"8":{"start":{"line":14,"column":8},"end":{"line":16,"column":9}},"9":{"start":{"line":15,"column":10},"end":{"line":15,"column":53}},"10":{"start":{"line":18,"column":24},"end":{"line":18,"column":65}},"11":{"start":{"line":19,"column":30},"end":{"line":19,"column":91}},"12":{"start":{"line":21,"column":8},"end":{"line":23,"column":9}},"13":{"start":{"line":22,"column":10},"end":{"line":22,"column":54}},"14":{"start":{"line":25,"column":8},"end":{"line":27,"column":9}},"15":{"start":{"line":26,"column":10},"end":{"line":26,"column":74}},"16":{"start":{"line":30,"column":8},"end":{"line":32,"column":9}},"17":{"start":{"line":31,"column":10},"end":{"line":31,"column":50}},"18":{"start":{"line":34,"column":32},"end":{"line":34,"column":95}},"19":{"start":{"line":35,"column":8},"end":{"line":37,"column":9}},"20":{"start":{"line":36,"column":10},"end":{"line":36,"column":56}},"21":{"start":{"line":40,"column":8},"end":{"line":40,"column":40}},"22":{"start":{"line":41,"column":8},"end":{"line":41,"column":42}},"23":{"start":{"line":44,"column":8},"end":{"line":44,"column":35}},"24":{"start":{"line":45,"column":8},"end":{"line":45,"column":37}},"25":{"start":{"line":48,"column":31},"end":{"line":53,"column":10}},"26":{"start":{"line":56,"column":8},"end":{"line":58,"column":10}},"27":{"start":{"line":61,"column":8},"end":{"line":61,"column":59}},"28":{"start":{"line":67,"column":0},"end":{"line":67,"column":34}}},"fnMap":{"0":{"name":"(anonymous_0)","decl":{"start":{"line":8,"column":4},"end":{"line":8,"column":5}},"loc":{"start":{"line":8,"column":47},"end":{"line":63,"column":5}},"line":8}},"branchMap":{"0":{"loc":{"start":{"line":14,"column":8},"end":{"line":16,"column":9}},"type":"if","locations":[{"start":{"line":14,"column":8},"end":{"line":16,"column":9}},{"start":{},"end":{}}],"line":14},"1":{"loc":{"start":{"line":21,"column":8},"end":{"line":23,"column":9}},"type":"if","locations":[{"start":{"line":21,"column":8},"end":{"line":23,"column":9}},{"start":{},"end":{}}],"line":21},"2":{"loc":{"start":{"line":25,"column":8},"end":{"line":27,"column":9}},"type":"if","locations":[{"start":{"line":25,"column":8},"end":{"line":27,"column":9}},{"start":{},"end":{}}],"line":25},"3":{"loc":{"start":{"line":30,"column":8},"end":{"line":32,"column":9}},"type":"if","locations":[{"start":{"line":30,"column":8},"end":{"line":32,"column":9}},{"start":{},"end":{}}],"line":30},"4":{"loc":{"start":{"line":35,"column":8},"end":{"line":37,"column":9}},"type":"if","locations":[{"start":{"line":35,"column":8},"end":{"line":37,"column":9}},{"start":{},"end":{}}],"line":35}},"s":{"0":0,"1":0,"2":0,"3":0,"4":0,"5":0,"6":0,"7":0,"8":0,"9":0,"10":0,"11":0,"12":0,"13":0,"14":0,"15":0,"16":0,"17":0,"18":0,"19":0,"20":0,"21":0,"22":0,"23":0,"24":0,"25":0,"26":0,"27":0,"28":0},"f":{"0":0},"b":{"0":[0,0],"1":[0,0],"2":[0,0],"3":[0,0],"4":[0,0]}}
}
